Command: vcs +v2k -f ./file.list -full64 -sverilog -debug_access+all -timescale=1ns/1ps \
-debug_access+all -l compile.log -P /opt/eda/synopsys/verdi/S-2021.09-SP2-3/share/PLI/VCS/LINUX64/novas.tab \
/opt/eda/synopsys/verdi/S-2021.09-SP2-3/share/PLI/VCS/LINUX64/pli.a -o simv
                         Chronologic VCS (TM)
       Version S-2021.09-SP2_Full64 -- Tue Nov  5 22:31:56 2024

                    Copyright (c) 1991 - 2022 Synopsys, Inc.
   This software and the associated documentation are proprietary to Synopsys,
 Inc. This software may only be used in accordance with the terms and conditions
 of a written license agreement with Synopsys, Inc. All other use, reproduction,
   or distribution of this software is strictly prohibited.  Licensed Products
     communicate with Synopsys servers for the purpose of providing software
    updates, detecting software piracy and verifying that customers are using
    Licensed Products in conformity with the applicable License Key for such
  Licensed Products. Synopsys will use information gathered in connection with
    this process to deliver software updates and pursue software pirates and
                                   infringers.

 Inclusivity & Diversity - Visit SolvNetPlus to read the "Synopsys Statement on
            Inclusivity and Diversity" (Refer to article 000036315 at
                        https://solvnetplus.synopsys.com)

Parsing design file './fsm_3_tb.v'
Parsing design file './fsm_3.v'
Top Level Modules:
       FSM_3_tb
TimeScale is 1 ns / 1 ps
Starting vcs inline pass...

1 module and 0 UDP read.
recompiling module FSM_3_tb
make[1]: Entering directory '/home/eda/work6/csrc'
rm -f _cuarc*.so _csrc*.so pre_vcsobj_*.so share_vcsobj_*.so
if [ -x ../simv ]; then chmod a-x ../simv; fi
g++  -o ../simv      -rdynamic  -Wl,-rpath='$ORIGIN'/simv.daidir -Wl,-rpath=./simv.daidir \
-Wl,-rpath=/opt/eda/synopsys/vcs/S-2021.09-SP2/linux64/lib -L/opt/eda/synopsys/vcs/S-2021.09-SP2/linux64/lib \
-Wl,-rpath-link=./  /usr/lib64/libnuma.so.1   objs/amcQw_d.o   _36105_archive_1.so \
SIM_l.o      rmapats_mop.o rmapats.o rmar.o rmar_nd.o  rmar_llvm_0_1.o rmar_llvm_0_0.o \
-lvirsim -lerrorinf -lsnpsmalloc -lvfs /opt/eda/synopsys/verdi/S-2021.09-SP2-3/share/PLI/VCS/LINUX64/pli.a \
-lvcsnew -lsimprofile -luclinative /opt/eda/synopsys/vcs/S-2021.09-SP2/linux64/lib/vcs_tls.o \
-Wl,-whole-archive  -lvcsucli    -Wl,-no-whole-archive        _vcs_pli_stub_.o   \
/opt/eda/synopsys/vcs/S-2021.09-SP2/linux64/lib/vcs_save_restore_new.o /opt/eda/synopsys/verdi/S-2021.09-SP2-3/share/PLI/VCS/LINUX64/pli.a \
-ldl -lm  -lc -lpthread -ldl 
../simv up to date
make[1]: Leaving directory '/home/eda/work6/csrc'
CPU time: .370 seconds to compile + .375 seconds to elab + .380 seconds to link
